

Started GET "/" for 192.168.59.3 at 2014-12-06 19:26:05 +0000
Processing by Rails::WelcomeController#index as HTML
  Rendered vendor/bundle/gems/railties-4.1.6/lib/rails/templates/rails/welcome/index.html.erb (52.9ms)
Completed 200 OK in 447ms (Views: 327.2ms | ActiveRecord: 0.0ms)


Started GET "/" for 192.168.59.3 at 2014-12-06 19:26:07 +0000
Processing by Rails::WelcomeController#index as HTML
  Rendered vendor/bundle/gems/railties-4.1.6/lib/rails/templates/rails/welcome/index.html.erb (0.1ms)
Completed 200 OK in 42ms (Views: 41.4ms | ActiveRecord: 0.0ms)


Started GET "/" for 192.168.59.3 at 2014-12-06 19:26:59 +0000
Processing by Rails::WelcomeController#index as HTML
  Rendered vendor/bundle/gems/railties-4.1.6/lib/rails/templates/rails/welcome/index.html.erb (40.5ms)
Completed 200 OK in 335ms (Views: 240.0ms | ActiveRecord: 0.0ms)


Started GET "/" for 192.168.59.3 at 2014-12-06 19:27:02 +0000
Processing by Rails::WelcomeController#index as HTML
  Rendered vendor/bundle/gems/railties-4.1.6/lib/rails/templates/rails/welcome/index.html.erb (0.3ms)
Completed 200 OK in 82ms (Views: 81.3ms | ActiveRecord: 0.0ms)


Started GET "/" for 192.168.59.3 at 2014-12-06 19:27:02 +0000


Started GET "/" for 192.168.59.3 at 2014-12-06 19:27:03 +0000
Processing by Rails::WelcomeController#index as HTML
Processing by Rails::WelcomeController#index as HTML
  Rendered vendor/bundle/gems/railties-4.1.6/lib/rails/templates/rails/welcome/index.html.erb (0.1ms)
Completed 200 OK in 92ms (Views: 91.3ms | ActiveRecord: 0.0ms)


Started GET "/" for 192.168.59.3 at 2014-12-06 19:27:03 +0000
Processing by Rails::WelcomeController#index as HTML
  Rendered vendor/bundle/gems/railties-4.1.6/lib/rails/templates/rails/welcome/index.html.erb (0.2ms)
Completed 200 OK in 119ms (Views: 118.5ms | ActiveRecord: 0.0ms)
  Rendered vendor/bundle/gems/railties-4.1.6/lib/rails/templates/rails/welcome/index.html.erb (99.1ms)
Completed 200 OK in 874ms (Views: 636.7ms | ActiveRecord: 0.0ms)


Started GET "/" for 192.168.59.3 at 2014-12-06 19:28:37 +0000

ActionController::RoutingError (uninitialized constant PagesController):
  vendor/bundle/gems/activesupport-4.1.6/lib/active_support/inflector/methods.rb:238:in `const_get'
  vendor/bundle/gems/activesupport-4.1.6/lib/active_support/inflector/methods.rb:238:in `block in constantize'
  vendor/bundle/gems/activesupport-4.1.6/lib/active_support/inflector/methods.rb:236:in `each'
  vendor/bundle/gems/activesupport-4.1.6/lib/active_support/inflector/methods.rb:236:in `inject'
  vendor/bundle/gems/activesupport-4.1.6/lib/active_support/inflector/methods.rb:236:in `constantize'
  vendor/bundle/gems/actionpack-4.1.6/lib/action_dispatch/routing/route_set.rb:78:in `controller_reference'
  vendor/bundle/gems/actionpack-4.1.6/lib/action_dispatch/routing/route_set.rb:68:in `controller'
  vendor/bundle/gems/actionpack-4.1.6/lib/action_dispatch/routing/route_set.rb:46:in `call'
  vendor/bundle/gems/actionpack-4.1.6/lib/action_dispatch/journey/router.rb:73:in `block in call'
  vendor/bundle/gems/actionpack-4.1.6/lib/action_dispatch/journey/router.rb:59:in `each'
  vendor/bundle/gems/actionpack-4.1.6/lib/action_dispatch/journey/router.rb:59:in `call'
  vendor/bundle/gems/actionpack-4.1.6/lib/action_dispatch/routing/route_set.rb:678:in `call'
  vendor/bundle/gems/rack-1.5.2/lib/rack/etag.rb:23:in `call'
  vendor/bundle/gems/rack-1.5.2/lib/rack/conditionalget.rb:25:in `call'
  vendor/bundle/gems/rack-1.5.2/lib/rack/head.rb:11:in `call'
  vendor/bundle/gems/actionpack-4.1.6/lib/action_dispatch/middleware/params_parser.rb:27:in `call'
  vendor/bundle/gems/actionpack-4.1.6/lib/action_dispatch/middleware/flash.rb:254:in `call'
  vendor/bundle/gems/rack-1.5.2/lib/rack/session/abstract/id.rb:225:in `context'
  vendor/bundle/gems/rack-1.5.2/lib/rack/session/abstract/id.rb:220:in `call'
  vendor/bundle/gems/actionpack-4.1.6/lib/action_dispatch/middleware/cookies.rb:560:in `call'
  vendor/bundle/gems/activerecord-4.1.6/lib/active_record/query_cache.rb:36:in `call'
  vendor/bundle/gems/activerecord-4.1.6/lib/active_record/connection_adapters/abstract/connection_pool.rb:621:in `call'
  vendor/bundle/gems/activerecord-4.1.6/lib/active_record/migration.rb:380:in `call'
  vendor/bundle/gems/actionpack-4.1.6/lib/action_dispatch/middleware/callbacks.rb:29:in `block in call'
  vendor/bundle/gems/activesupport-4.1.6/lib/active_support/callbacks.rb:82:in `run_callbacks'
  vendor/bundle/gems/actionpack-4.1.6/lib/action_dispatch/middleware/callbacks.rb:27:in `call'
  vendor/bundle/gems/actionpack-4.1.6/lib/action_dispatch/middleware/reloader.rb:73:in `call'
  vendor/bundle/gems/actionpack-4.1.6/lib/action_dispatch/middleware/remote_ip.rb:76:in `call'
  vendor/bundle/gems/actionpack-4.1.6/lib/action_dispatch/middleware/debug_exceptions.rb:17:in `call'
  vendor/bundle/gems/actionpack-4.1.6/lib/action_dispatch/middleware/show_exceptions.rb:30:in `call'
  vendor/bundle/gems/railties-4.1.6/lib/rails/rack/logger.rb:38:in `call_app'
  vendor/bundle/gems/railties-4.1.6/lib/rails/rack/logger.rb:20:in `block in call'
  vendor/bundle/gems/activesupport-4.1.6/lib/active_support/tagged_logging.rb:68:in `block in tagged'
  vendor/bundle/gems/activesupport-4.1.6/lib/active_support/tagged_logging.rb:26:in `tagged'
  vendor/bundle/gems/activesupport-4.1.6/lib/active_support/tagged_logging.rb:68:in `tagged'
  vendor/bundle/gems/railties-4.1.6/lib/rails/rack/logger.rb:20:in `call'
  vendor/bundle/gems/actionpack-4.1.6/lib/action_dispatch/middleware/request_id.rb:21:in `call'
  vendor/bundle/gems/rack-1.5.2/lib/rack/methodoverride.rb:21:in `call'
  vendor/bundle/gems/rack-1.5.2/lib/rack/runtime.rb:17:in `call'
  vendor/bundle/gems/activesupport-4.1.6/lib/active_support/cache/strategy/local_cache_middleware.rb:26:in `call'
  vendor/bundle/gems/rack-1.5.2/lib/rack/lock.rb:17:in `call'
  vendor/bundle/gems/actionpack-4.1.6/lib/action_dispatch/middleware/static.rb:64:in `call'
  vendor/bundle/gems/rack-1.5.2/lib/rack/sendfile.rb:112:in `call'
  vendor/bundle/gems/railties-4.1.6/lib/rails/engine.rb:514:in `call'
  vendor/bundle/gems/railties-4.1.6/lib/rails/application.rb:144:in `call'
  vendor/bundle/gems/rack-1.5.2/lib/rack/lint.rb:49:in `_call'
  vendor/bundle/gems/rack-1.5.2/lib/rack/lint.rb:37:in `call'
  vendor/bundle/gems/rack-1.5.2/lib/rack/showexceptions.rb:24:in `call'
  vendor/bundle/gems/rack-1.5.2/lib/rack/commonlogger.rb:33:in `call'
  vendor/bundle/gems/rack-1.5.2/lib/rack/chunked.rb:43:in `call'
  vendor/bundle/gems/rack-1.5.2/lib/rack/content_length.rb:14:in `call'
  vendor/bundle/gems/unicorn-4.8.3/lib/unicorn/http_server.rb:576:in `process_client'
  vendor/bundle/gems/unicorn-4.8.3/lib/unicorn/http_server.rb:670:in `worker_loop'
  vendor/bundle/gems/unicorn-4.8.3/lib/unicorn/http_server.rb:525:in `spawn_missing_workers'
  vendor/bundle/gems/unicorn-4.8.3/lib/unicorn/http_server.rb:140:in `start'
  vendor/bundle/gems/unicorn-4.8.3/bin/unicorn:126:in `<top (required)>'
  vendor/bundle/bin/unicorn:23:in `load'
  vendor/bundle/bin/unicorn:23:in `<main>'


  Rendered vendor/bundle/gems/actionpack-4.1.6/lib/action_dispatch/middleware/templates/rescues/_trace.html.erb (0.9ms)
  Rendered vendor/bundle/gems/actionpack-4.1.6/lib/action_dispatch/middleware/templates/routes/_route.html.erb (0.9ms)
  Rendered vendor/bundle/gems/actionpack-4.1.6/lib/action_dispatch/middleware/templates/routes/_table.html.erb (179.2ms)
  Rendered vendor/bundle/gems/actionpack-4.1.6/lib/action_dispatch/middleware/templates/rescues/routing_error.html.erb within rescues/layout (1747.3ms)


Started GET "/" for 192.168.59.3 at 2014-12-06 19:29:12 +0000
Processing by PagesController#index as HTML
Completed 200 OK in 89ms (Views: 0.4ms | ActiveRecord: 0.0ms)


Started GET "/" for 192.168.59.3 at 2014-12-06 19:29:16 +0000
Processing by PagesController#index as HTML
Completed 200 OK in 0ms (Views: 0.2ms | ActiveRecord: 0.0ms)


Started GET "/" for 192.168.59.3 at 2014-12-06 19:29:17 +0000
Processing by PagesController#index as HTML
Completed 200 OK in 0ms (Views: 0.1ms | ActiveRecord: 0.0ms)


Started GET "/" for 192.168.59.3 at 2014-12-06 19:29:18 +0000
Processing by PagesController#index as HTML
Completed 200 OK in 89ms (Views: 0.3ms | ActiveRecord: 0.0ms)


Started GET "/" for 192.168.59.3 at 2014-12-06 19:29:20 +0000
Processing by PagesController#index as HTML
Completed 200 OK in 1ms (Views: 0.2ms | ActiveRecord: 0.0ms)


Started GET "/" for 192.168.59.3 at 2014-12-06 19:29:22 +0000
Processing by PagesController#index as HTML
Completed 200 OK in 0ms (Views: 0.1ms | ActiveRecord: 0.0ms)


Started GET "/" for 192.168.59.3 at 2014-12-06 19:29:23 +0000
Processing by PagesController#index as HTML
Completed 200 OK in 1ms (Views: 0.1ms | ActiveRecord: 0.0ms)


Started GET "/" for 192.168.59.3 at 2014-12-06 19:29:23 +0000
Processing by PagesController#index as HTML
Completed 200 OK in 89ms (Views: 0.4ms | ActiveRecord: 0.0ms)


Started GET "/" for 192.168.59.3 at 2014-12-06 19:29:24 +0000
Processing by PagesController#index as HTML
Completed 200 OK in 1ms (Views: 0.2ms | ActiveRecord: 0.0ms)


Started GET "/" for 192.168.59.3 at 2014-12-06 19:29:24 +0000
Processing by PagesController#index as HTML
Completed 200 OK in 1ms (Views: 0.2ms | ActiveRecord: 0.0ms)


Started GET "/" for 192.168.59.3 at 2014-12-06 19:29:24 +0000
Processing by PagesController#index as HTML
Completed 200 OK in 1ms (Views: 0.3ms | ActiveRecord: 0.0ms)


Started GET "/" for 192.168.59.3 at 2014-12-06 19:29:25 +0000
Processing by PagesController#index as HTML
Completed 200 OK in 0ms (Views: 0.1ms | ActiveRecord: 0.0ms)


Started GET "/" for 192.168.59.3 at 2014-12-06 19:29:25 +0000
Processing by PagesController#index as HTML
Completed 200 OK in 0ms (Views: 0.1ms | ActiveRecord: 0.0ms)


Started GET "/" for 192.168.59.3 at 2014-12-06 19:29:26 +0000
Processing by PagesController#index as HTML
Completed 200 OK in 0ms (Views: 0.1ms | ActiveRecord: 0.0ms)


Started GET "/" for 192.168.59.3 at 2014-12-06 19:29:27 +0000
Processing by PagesController#index as HTML
Completed 200 OK in 1ms (Views: 0.2ms | ActiveRecord: 0.0ms)


Started GET "/" for 192.168.59.3 at 2014-12-06 19:29:28 +0000
Processing by PagesController#index as HTML
Completed 200 OK in 0ms (Views: 0.1ms | ActiveRecord: 0.0ms)


Started GET "/" for 192.168.59.3 at 2014-12-06 19:29:28 +0000
Processing by PagesController#index as HTML
Completed 200 OK in 0ms (Views: 0.1ms | ActiveRecord: 0.0ms)


Started GET "/" for 192.168.59.3 at 2014-12-06 19:31:55 +0000
Processing by PagesController#index as HTML
Completed 200 OK in 90ms (Views: 0.4ms | ActiveRecord: 0.0ms)


Started GET "/" for 192.168.59.3 at 2014-12-06 19:32:00 +0000
Processing by PagesController#index as HTML
Completed 200 OK in 0ms (Views: 0.1ms | ActiveRecord: 0.0ms)


Started GET "/" for 192.168.59.3 at 2014-12-06 19:32:01 +0000
Processing by PagesController#index as HTML
Completed 200 OK in 0ms (Views: 0.1ms | ActiveRecord: 0.0ms)


Started GET "/" for 192.168.59.3 at 2014-12-06 19:32:02 +0000
Processing by PagesController#index as HTML
Completed 200 OK in 0ms (Views: 0.1ms | ActiveRecord: 0.0ms)


Started GET "/" for 192.168.59.3 at 2014-12-06 19:32:02 +0000
Processing by PagesController#index as HTML
Completed 200 OK in 0ms (Views: 0.1ms | ActiveRecord: 0.0ms)


Started GET "/" for 192.168.59.3 at 2014-12-06 19:32:03 +0000
Processing by PagesController#index as HTML
Completed 200 OK in 2ms (Views: 0.4ms | ActiveRecord: 0.0ms)


Started GET "/" for 192.168.59.3 at 2014-12-06 19:32:03 +0000
Processing by PagesController#index as HTML
Completed 200 OK in 1ms (Views: 0.2ms | ActiveRecord: 0.0ms)


Started GET "/" for 192.168.59.3 at 2014-12-06 19:32:03 +0000
Processing by PagesController#index as HTML
Completed 200 OK in 0ms (Views: 0.1ms | ActiveRecord: 0.0ms)


Started GET "/" for 192.168.59.3 at 2014-12-06 19:32:03 +0000
Processing by PagesController#index as HTML
Completed 200 OK in 1ms (Views: 0.0ms | ActiveRecord: 0.0ms)


Started GET "/" for 192.168.59.3 at 2014-12-06 19:32:05 +0000
Processing by PagesController#index as HTML
Completed 200 OK in 1ms (Views: 0.2ms | ActiveRecord: 0.0ms)


Started GET "/" for 192.168.59.3 at 2014-12-06 19:32:05 +0000
Processing by PagesController#index as HTML
Completed 200 OK in 0ms (Views: 0.1ms | ActiveRecord: 0.0ms)


Started GET "/" for 192.168.59.3 at 2014-12-06 19:32:06 +0000
Processing by PagesController#index as HTML
Completed 200 OK in 1ms (Views: 0.3ms | ActiveRecord: 0.0ms)


Started GET "/" for 192.168.59.3 at 2014-12-06 19:32:07 +0000
Processing by PagesController#index as HTML
Completed 200 OK in 0ms (Views: 0.1ms | ActiveRecord: 0.0ms)


Started GET "/" for 192.168.59.3 at 2014-12-06 19:32:15 +0000
Processing by PagesController#index as HTML
Completed 200 OK in 0ms (Views: 0.1ms | ActiveRecord: 0.0ms)


Started GET "/" for 192.168.59.3 at 2014-12-06 19:32:16 +0000
Processing by PagesController#index as HTML
Completed 200 OK in 1ms (Views: 0.1ms | ActiveRecord: 0.0ms)


Started GET "/" for 192.168.59.3 at 2014-12-06 19:32:17 +0000
Processing by PagesController#index as HTML
Completed 200 OK in 0ms (Views: 0.2ms | ActiveRecord: 0.0ms)


Started GET "/" for 192.168.59.3 at 2014-12-06 19:32:18 +0000
Processing by PagesController#index as HTML
Completed 200 OK in 0ms (Views: 0.1ms | ActiveRecord: 0.0ms)


Started GET "/" for 192.168.59.3 at 2014-12-06 19:32:25 +0000
Processing by PagesController#index as HTML
Completed 200 OK in 0ms (Views: 0.1ms | ActiveRecord: 0.0ms)


Started GET "/" for 192.168.59.3 at 2014-12-06 19:32:26 +0000
Processing by PagesController#index as HTML
Completed 200 OK in 0ms (Views: 0.1ms | ActiveRecord: 0.0ms)


Started GET "/" for 192.168.59.3 at 2014-12-06 19:32:26 +0000
Processing by PagesController#index as HTML
Completed 200 OK in 0ms (Views: 0.1ms | ActiveRecord: 0.0ms)


Started GET "/" for 192.168.59.3 at 2014-12-06 19:32:27 +0000
Processing by PagesController#index as HTML
Completed 200 OK in 1ms (Views: 0.2ms | ActiveRecord: 0.0ms)


Started GET "/" for 192.168.59.3 at 2014-12-06 19:32:27 +0000
Processing by PagesController#index as HTML
Completed 200 OK in 1ms (Views: 0.2ms | ActiveRecord: 0.0ms)


Started GET "/" for 192.168.59.3 at 2014-12-06 19:32:27 +0000
Processing by PagesController#index as HTML
Completed 200 OK in 0ms (Views: 0.2ms | ActiveRecord: 0.0ms)


Started GET "/" for 192.168.59.3 at 2014-12-06 19:32:28 +0000
Processing by PagesController#index as HTML
Completed 200 OK in 1ms (Views: 0.2ms | ActiveRecord: 0.0ms)


Started GET "/" for 192.168.59.3 at 2014-12-06 19:32:28 +0000
Processing by PagesController#index as HTML
Completed 200 OK in 0ms (Views: 0.1ms | ActiveRecord: 0.0ms)


Started GET "/" for 192.168.59.3 at 2014-12-06 19:32:28 +0000
Processing by PagesController#index as HTML
Completed 200 OK in 0ms (Views: 0.1ms | ActiveRecord: 0.0ms)


Started GET "/" for 192.168.59.3 at 2014-12-06 19:32:28 +0000
Processing by PagesController#index as HTML
Completed 200 OK in 1ms (Views: 0.1ms | ActiveRecord: 0.0ms)


Started GET "/" for 192.168.59.3 at 2014-12-06 19:32:28 +0000
Processing by PagesController#index as HTML
Completed 200 OK in 0ms (Views: 0.1ms | ActiveRecord: 0.0ms)


Started GET "/" for 192.168.59.3 at 2014-12-06 19:32:29 +0000
Processing by PagesController#index as HTML
Completed 200 OK in 1ms (Views: 0.2ms | ActiveRecord: 0.0ms)


Started GET "/" for 192.168.59.3 at 2014-12-06 19:32:29 +0000
Processing by PagesController#index as HTML
Completed 200 OK in 1ms (Views: 0.2ms | ActiveRecord: 0.0ms)


Started GET "/" for 192.168.59.3 at 2014-12-06 19:32:29 +0000
Processing by PagesController#index as HTML
Completed 200 OK in 0ms (Views: 0.2ms | ActiveRecord: 0.0ms)


Started GET "/" for 192.168.59.3 at 2014-12-06 19:32:29 +0000
Processing by PagesController#index as HTML
Completed 200 OK in 0ms (Views: 0.1ms | ActiveRecord: 0.0ms)


Started GET "/" for 192.168.59.3 at 2014-12-06 19:32:30 +0000
Processing by PagesController#index as HTML
Completed 200 OK in 0ms (Views: 0.1ms | ActiveRecord: 0.0ms)


Started GET "/" for 192.168.59.3 at 2014-12-06 19:32:31 +0000
Processing by PagesController#index as HTML
Completed 200 OK in 1ms (Views: 0.5ms | ActiveRecord: 0.0ms)


Started GET "/" for 192.168.59.3 at 2014-12-06 19:32:31 +0000
Processing by PagesController#index as HTML
Completed 200 OK in 1ms (Views: 0.2ms | ActiveRecord: 0.0ms)


Started GET "/" for 192.168.59.3 at 2014-12-06 19:32:31 +0000
Processing by PagesController#index as HTML
Completed 200 OK in 1ms (Views: 0.2ms | ActiveRecord: 0.0ms)


Started GET "/" for 192.168.59.3 at 2014-12-06 19:32:44 +0000
Processing by PagesController#index as HTML
Completed 200 OK in 0ms (Views: 0.2ms | ActiveRecord: 0.0ms)


Started GET "/" for 192.168.59.3 at 2014-12-06 19:32:51 +0000
Processing by PagesController#index as HTML
Completed 200 OK in 0ms (Views: 0.1ms | ActiveRecord: 0.0ms)


Started GET "/" for 192.168.59.3 at 2014-12-06 19:32:51 +0000
Processing by PagesController#index as HTML
Completed 200 OK in 1ms (Views: 0.3ms | ActiveRecord: 0.0ms)


Started GET "/" for 192.168.59.3 at 2014-12-06 19:33:47 +0000
Processing by PagesController#index as HTML
  Rendered pages/index.html.erb within layouts/application (44.3ms)
Completed 200 OK in 1428ms (Views: 1338.3ms | ActiveRecord: 0.0ms)


Started GET "/assets/application.css?body=1" for 192.168.59.3 at 2014-12-06 19:33:49 +0000


Started GET "/assets/jquery.js?body=1" for 192.168.59.3 at 2014-12-06 19:33:49 +0000


Started GET "/assets/jquery_ujs.js?body=1" for 192.168.59.3 at 2014-12-06 19:33:49 +0000


Started GET "/assets/turbolinks.js?body=1" for 192.168.59.3 at 2014-12-06 19:33:49 +0000


Started GET "/assets/application.js?body=1" for 192.168.59.3 at 2014-12-06 19:33:49 +0000


Started GET "/" for 192.168.59.3 at 2014-12-06 19:33:53 +0000
Processing by PagesController#index as HTML
  Rendered pages/index.html.erb within layouts/application (0.1ms)
Completed 200 OK in 199ms (Views: 198.2ms | ActiveRecord: 0.0ms)


Started GET "/assets/application.css?body=1" for 192.168.59.3 at 2014-12-06 19:33:53 +0000


Started GET "/assets/jquery.js?body=1" for 192.168.59.3 at 2014-12-06 19:33:53 +0000


Started GET "/assets/jquery_ujs.js?body=1" for 192.168.59.3 at 2014-12-06 19:33:53 +0000


Started GET "/assets/turbolinks.js?body=1" for 192.168.59.3 at 2014-12-06 19:33:53 +0000


Started GET "/assets/application.js?body=1" for 192.168.59.3 at 2014-12-06 19:33:53 +0000


Started GET "/" for 192.168.59.3 at 2014-12-06 19:33:55 +0000
Processing by PagesController#index as HTML
  Rendered pages/index.html.erb within layouts/application (0.1ms)
Completed 200 OK in 181ms (Views: 180.4ms | ActiveRecord: 0.0ms)


Started GET "/assets/application.css?body=1" for 192.168.59.3 at 2014-12-06 19:33:55 +0000


Started GET "/assets/jquery.js?body=1" for 192.168.59.3 at 2014-12-06 19:33:55 +0000


Started GET "/assets/jquery_ujs.js?body=1" for 192.168.59.3 at 2014-12-06 19:33:55 +0000


Started GET "/assets/turbolinks.js?body=1" for 192.168.59.3 at 2014-12-06 19:33:55 +0000


Started GET "/assets/application.js?body=1" for 192.168.59.3 at 2014-12-06 19:33:55 +0000


Started GET "/" for 192.168.59.3 at 2014-12-06 19:36:37 +0000
Processing by PagesController#index as HTML
Completed 200 OK in 90ms (Views: 0.4ms | ActiveRecord: 0.0ms)


Started GET "/" for 192.168.59.3 at 2014-12-06 19:36:40 +0000
Processing by PagesController#index as HTML
Completed 200 OK in 96ms (Views: 0.5ms | ActiveRecord: 0.0ms)


Started GET "/" for 192.168.59.3 at 2014-12-06 19:36:45 +0000
Processing by PagesController#index as HTML
Completed 200 OK in 1ms (Views: 0.1ms | ActiveRecord: 0.0ms)


Started GET "/" for 192.168.59.3 at 2014-12-06 19:36:46 +0000
Processing by PagesController#index as HTML
  Rendered pages/index.html.erb within layouts/application (43.1ms)
Completed 200 OK in 608ms (Views: 517.1ms | ActiveRecord: 0.0ms)




Started GET "/assets/application.css?body=1" for 192.168.59.3 at 2014-12-06 19:36:46 +0000
Started GET "/assets/jquery.js?body=1" for 192.168.59.3 at 2014-12-06 19:36:46 +0000


Started GET "/assets/jquery_ujs.js?body=1" for 192.168.59.3 at 2014-12-06 19:36:46 +0000


Started GET "/assets/turbolinks.js?body=1" for 192.168.59.3 at 2014-12-06 19:36:47 +0000


Started GET "/assets/application.js?body=1" for 192.168.59.3 at 2014-12-06 19:36:47 +0000


Started GET "/" for 192.168.59.3 at 2014-12-06 19:36:50 +0000
Processing by PagesController#index as HTML
  Rendered pages/index.html.erb within layouts/application (0.1ms)
Completed 200 OK in 193ms (Views: 191.9ms | ActiveRecord: 0.0ms)


Started GET "/assets/jquery_ujs.js?body=1" for 192.168.59.3 at 2014-12-06 19:36:50 +0000




Started GET "/assets/jquery.js?body=1" for 192.168.59.3 at 2014-12-06 19:36:50 +0000
Started GET "/assets/application.css?body=1" for 192.168.59.3 at 2014-12-06 19:36:50 +0000


Started GET "/assets/turbolinks.js?body=1" for 192.168.59.3 at 2014-12-06 19:36:51 +0000


Started GET "/assets/application.js?body=1" for 192.168.59.3 at 2014-12-06 19:36:51 +0000


Started GET "/" for 192.168.59.3 at 2014-12-06 19:36:51 +0000
Processing by PagesController#index as HTML
Completed 200 OK in 1ms (Views: 0.1ms | ActiveRecord: 0.0ms)


Started GET "/" for 192.168.59.3 at 2014-12-06 19:36:52 +0000
Processing by PagesController#index as HTML
Completed 200 OK in 1ms (Views: 0.1ms | ActiveRecord: 0.0ms)


Started GET "/" for 192.168.59.3 at 2014-12-06 19:36:52 +0000
Processing by PagesController#index as HTML
  Rendered pages/index.html.erb within layouts/application (0.1ms)
Completed 200 OK in 218ms (Views: 217.7ms | ActiveRecord: 0.0ms)



Started GET "/assets/application.css?body=1" for 192.168.59.3 at 2014-12-06 19:36:53 +0000



Started GET "/assets/jquery_ujs.js?body=1" for 192.168.59.3 at 2014-12-06 19:36:53 +0000
Started GET "/assets/jquery.js?body=1" for 192.168.59.3 at 2014-12-06 19:36:53 +0000


Started GET "/assets/turbolinks.js?body=1" for 192.168.59.3 at 2014-12-06 19:36:53 +0000


Started GET "/assets/application.js?body=1" for 192.168.59.3 at 2014-12-06 19:36:53 +0000


Started GET "/" for 192.168.59.3 at 2014-12-06 19:36:53 +0000
Processing by PagesController#index as HTML
Completed 200 OK in 1ms (Views: 0.2ms | ActiveRecord: 0.0ms)
